[debug] [2024-01-11T16:45:54.670Z] ----------------------------------------------------------------------
[debug] [2024-01-11T16:45:54.672Z] Command:       C:\Program Files\nodejs\node.exe C:\Users\Daniele\AppData\Roaming\npm\node_modules\firebase-tools\lib\bin\firebase.js init
[debug] [2024-01-11T16:45:54.672Z] CLI Version:   13.0.3
[debug] [2024-01-11T16:45:54.672Z] Platform:      win32
[debug] [2024-01-11T16:45:54.672Z] Node Version:  v20.10.0
[debug] [2024-01-11T16:45:54.672Z] Time:          Thu Jan 11 2024 17:45:54 GMT+0100 (Ora standard dell’Europa centrale)
[debug] [2024-01-11T16:45:54.672Z] ----------------------------------------------------------------------
[debug] 
[debug] [2024-01-11T16:45:54.726Z] > command requires scopes: ["email","openid","https://www.googleapis.com/auth/cloudplatformprojects.readonly","https://www.googleapis.com/auth/firebase","https://www.googleapis.com/auth/cloud-platform"]
[debug] [2024-01-11T16:45:54.726Z] > authorizing via signed-in user (daniele.pasqualetti94@gmail.com)
[info] 
     ######## #### ########  ######## ########     ###     ######  ########
     ##        ##  ##     ## ##       ##     ##  ##   ##  ##       ##
     ######    ##  ########  ######   ########  #########  ######  ######
     ##        ##  ##    ##  ##       ##     ## ##     ##       ## ##
     ##       #### ##     ## ######## ########  ##     ##  ######  ########

You're about to initialize a Firebase project in this directory:

  C:\Users\Daniele\OneDrive\Desktop\Progettini\WeatherApp

Before we get started, keep in mind:

  * You are initializing within an existing Firebase project directory

